# JRE version: OpenJDK Runtime Environment (17.0.6) (build 17.0.6+0-b2043.56-10027231)
# Java VM: OpenJDK 64-Bit Server VM (17.0.6+0-b2043.56-10027231, mixed mode, tiered, compressed oops, compressed class ptrs, g1 gc, windows-amd64)
GC Precious Log:
 CPUs: 8 total, 8 available
 Memory: 8025M
 Large Page Support: Disabled
 NUMA Support: Disabled
 Compressed Oops: Enabled (32-bit)
 Heap Region Size: 1M
 Heap Min Capacity: 8M
 Heap Initial Capacity: 126M
 Heap Max Capacity: 2G
 Pre-touch: Disabled
 Parallel Workers: 8
 Concurrent Workers: 2
 Concurrent Refinement Workers: 8
 Periodic GC: Disabled
Heap:
 garbage-first heap   total 288768K, used 182507K [0x0000000080000000, 0x0000000100000000)
  region size 1024K, 20 young (20480K), 4 survivors (4096K)
 Metaspace       used 133809K, committed 134848K, reserved 1171456K
  class space    used 18323K, committed 18816K, reserved 1048576K
GC Heap History (20 events):
Event: 213.599 GC heap before
{Heap before GC invocations=47 (full 0):
 garbage-first heap   total 280576K, used 227332K [0x0000000080000000, 0x0000000100000000)
  region size 1024K, 92 young (94208K), 9 survivors (9216K)
 Metaspace       used 107357K, committed 108224K, reserved 1146880K
  class space    used 14145K, committed 14592K, reserved 1048576K
}
Event: 213.783 GC heap after
{Heap after GC invocations=48 (full 0):
 garbage-first heap   total 280576K, used 150488K [0x0000000080000000, 0x0000000100000000)
  region size 1024K, 8 young (8192K), 8 survivors (8192K)
 Metaspace       used 107357K, committed 108224K, reserved 1146880K
  class space    used 14145K, committed 14592K, reserved 1048576K
}
Event: 213.869 GC heap before
{Heap before GC invocations=48 (full 0):
 garbage-first heap   total 280576K, used 155608K [0x0000000080000000, 0x0000000100000000)
  region size 1024K, 13 young (13312K), 8 survivors (8192K)
 Metaspace       used 107357K, committed 108224K, reserved 1146880K
  class space    used 14145K, committed 14592K, reserved 1048576K
}
Event: 213.908 GC heap after
{Heap after GC invocations=49 (full 0):
 garbage-first heap   total 280576K, used 148564K [0x0000000080000000, 0x0000000100000000)
  region size 1024K, 1 young (1024K), 1 survivors (1024K)
 Metaspace       used 107357K, committed 108224K, reserved 1146880K
  class space    used 14145K, committed 14592K, reserved 1048576K
}
Event: 216.315 GC heap before
{Heap before GC invocations=49 (full 0):
 garbage-first heap   total 280576K, used 228436K [0x0000000080000000, 0x0000000100000000)
  region size 1024K, 80 young (81920K), 1 survivors (1024K)
 Metaspace       used 107746K, committed 108672K, reserved 1146880K
  class space    used 14189K, committed 14656K, reserved 1048576K
}
Event: 216.339 GC heap after
{Heap after GC invocations=50 (full 0):
 garbage-first heap   total 280576K, used 157609K [0x0000000080000000, 0x0000000100000000)
  region size 1024K, 10 young (10240K), 10 survivors (10240K)
 Metaspace       used 107746K, committed 108672K, reserved 1146880K
  class space    used 14189K, committed 14656K, reserved 1048576K
}
Event: 223.879 GC heap before
{Heap before GC invocations=51 (full 0):
 garbage-first heap   total 283648K, used 225193K [0x0000000080000000, 0x0000000100000000)
  region size 1024K, 80 young (81920K), 10 survivors (10240K)
 Metaspace       used 112227K, committed 113216K, reserved 1155072K
  class space    used 14832K, committed 15296K, reserved 1048576K
}
Event: 223.907 GC heap after
{Heap after GC invocations=52 (full 0):
 garbage-first heap   total 283648K, used 160784K [0x0000000080000000, 0x0000000100000000)
  region size 1024K, 7 young (7168K), 7 survivors (7168K)
 Metaspace       used 112227K, committed 113216K, reserved 1155072K
  class space    used 14832K, committed 15296K, reserved 1048576K
}
Event: 224.004 GC heap before
{Heap before GC invocations=52 (full 0):
 garbage-first heap   total 283648K, used 166928K [0x0000000080000000, 0x0000000100000000)
  region size 1024K, 13 young (13312K), 7 survivors (7168K)
 Metaspace       used 112649K, committed 113664K, reserved 1155072K
  class space    used 14890K, committed 15424K, reserved 1048576K
}
Event: 224.041 GC heap after
{Heap after GC invocations=53 (full 0):
 garbage-first heap   total 283648K, used 139325K [0x0000000080000000, 0x0000000100000000)
  region size 1024K, 2 young (2048K), 2 survivors (2048K)
 Metaspace       used 112649K, committed 113664K, reserved 1155072K
  class space    used 14890K, committed 15424K, reserved 1048576K
}
Event: 224.103 GC heap before
{Heap before GC invocations=53 (full 0):
 garbage-first heap   total 283648K, used 150589K [0x0000000080000000, 0x0000000100000000)
  region size 1024K, 13 young (13312K), 2 survivors (2048K)
 Metaspace       used 112734K, committed 113792K, reserved 1155072K
  class space    used 14903K, committed 15424K, reserved 1048576K
}
Event: 224.119 GC heap after
{Heap after GC invocations=54 (full 0):
 garbage-first heap   total 283648K, used 135392K [0x0000000080000000, 0x0000000100000000)
  region size 1024K, 2 young (2048K), 2 survivors (2048K)
 Metaspace       used 112734K, committed 113792K, reserved 1155072K
  class space    used 14903K, committed 15424K, reserved 1048576K
}
Event: 225.294 GC heap before
{Heap before GC invocations=54 (full 0):
 garbage-first heap   total 283648K, used 227552K [0x0000000080000000, 0x0000000100000000)
  region size 1024K, 93 young (95232K), 2 survivors (2048K)
 Metaspace       used 125116K, committed 126144K, reserved 1163264K
  class space    used 16903K, committed 17408K, reserved 1048576K
}
Event: 225.314 GC heap after
{Heap after GC invocations=55 (full 0):
 garbage-first heap   total 283648K, used 144161K [0x0000000080000000, 0x0000000100000000)
  region size 1024K, 11 young (11264K), 11 survivors (11264K)
 Metaspace       used 125116K, committed 126144K, reserved 1163264K
  class space    used 16903K, committed 17408K, reserved 1048576K
}
Event: 226.344 GC heap before
{Heap before GC invocations=56 (full 0):
 garbage-first heap   total 283648K, used 229153K [0x0000000080000000, 0x0000000100000000)
  region size 1024K, 95 young (97280K), 11 survivors (11264K)
 Metaspace       used 130581K, committed 131584K, reserved 1163264K
  class space    used 17796K, committed 18304K, reserved 1048576K
}
Event: 226.359 GC heap after
{Heap after GC invocations=57 (full 0):
 garbage-first heap   total 283648K, used 144692K [0x0000000080000000, 0x0000000100000000)
  region size 1024K, 3 young (3072K), 3 survivors (3072K)
 Metaspace       used 130581K, committed 131584K, reserved 1163264K
  class space    used 17796K, committed 18304K, reserved 1048576K
}
Event: 226.457 GC heap before
{Heap before GC invocations=57 (full 0):
 garbage-first heap   total 283648K, used 153908K [0x0000000080000000, 0x0000000100000000)
  region size 1024K, 13 young (13312K), 3 survivors (3072K)
 Metaspace       used 131624K, committed 132736K, reserved 1163264K
  class space    used 18040K, committed 18560K, reserved 1048576K
}
Event: 226.469 GC heap after
{Heap after GC invocations=58 (full 0):
 garbage-first heap   total 283648K, used 142539K [0x0000000080000000, 0x0000000100000000)
  region size 1024K, 2 young (2048K), 2 survivors (2048K)
 Metaspace       used 131624K, committed 132736K, reserved 1163264K
  class space    used 18040K, committed 18560K, reserved 1048576K
}
Event: 226.925 GC heap before
{Heap before GC invocations=58 (full 0):
 garbage-first heap   total 283648K, used 161995K [0x0000000080000000, 0x0000000100000000)
  region size 1024K, 23 young (23552K), 2 survivors (2048K)
 Metaspace       used 133536K, committed 134592K, reserved 1171456K
  class space    used 18298K, committed 18816K, reserved 1048576K
}
Event: 226.929 GC heap after
{Heap after GC invocations=59 (full 0):
 garbage-first heap   total 283648K, used 144619K [0x0000000080000000, 0x0000000100000000)
  region size 1024K, 4 young (4096K), 4 survivors (4096K)
 Metaspace       used 133536K, committed 134592K, reserved 1171456K
  class space    used 18298K, committed 18816K, reserved 1048576K
}

